2019-07-22 09:29:24 INFO  ATM:44 - купюры загрузились
2019-07-22 09:29:24 INFO  ATM:58 - карты загрузились
2019-07-22 09:29:24 INFO  ATM:64 - авторизация пошла
2019-07-22 09:30:12 INFO  ATM:44 - купюры загрузились
2019-07-22 09:30:12 INFO  ATM:58 - карты загрузились
2019-07-22 09:30:12 INFO  ATM:64 - авторизация пошла
2019-07-22 09:30:33 INFO  ATM:44 - купюры загрузились
2019-07-22 09:30:33 INFO  ATM:58 - карты загрузились
2019-07-22 09:30:33 INFO  ATM:64 - авторизация пошла
2019-07-22 09:31:12 INFO  ATM:44 - купюры загрузились
2019-07-22 09:31:12 INFO  ATM:58 - карты загрузились
2019-07-22 09:31:12 INFO  ATM:64 - авторизация пошла
2019-07-22 09:31:40 INFO  ATM:44 - купюры загрузились
2019-07-22 09:31:40 INFO  ATM:58 - карты загрузились
2019-07-22 09:31:40 INFO  ATM:64 - авторизация пошла
2019-07-22 09:31:58 INFO  ATM:44 - купюры загрузились
2019-07-22 09:31:58 INFO  ATM:58 - карты загрузились
2019-07-22 09:31:58 INFO  ATM:64 - авторизация пошла
2019-07-22 09:38:11 INFO  ATM:44 - купюры загрузились
2019-07-22 09:38:11 INFO  ATM:58 - карты загрузились
2019-07-22 09:38:11 INFO  ATM:64 - авторизация пошла
2019-07-22 09:38:20 INFO  ATM:156 - личный кабинет запускается
2019-07-22 09:38:28 INFO  ATM:176 - кейс 2
2019-07-22 09:38:35 INFO  ATM:182 - кейс 4
2019-07-22 09:38:49 INFO  ATM:188 - кейс 6
2019-07-22 09:38:49 INFO  ATM:64 - авторизация пошла
2019-07-22 09:44:30 INFO  ATM:44 - купюры загрузились
2019-07-22 09:44:30 INFO  ATM:58 - карты загрузились
2019-07-22 09:44:30 INFO  ATM:64 - авторизация пошла
2019-07-22 09:50:05 INFO  ATM:44 - купюры загрузились
2019-07-22 09:50:05 INFO  ATM:58 - карты загрузились
2019-07-22 09:50:05 INFO  ATM:64 - авторизация пошла
2019-07-22 09:51:55 INFO  ATM:44 - купюры загрузились
2019-07-22 09:51:55 INFO  ATM:58 - карты загрузились
2019-07-22 09:51:55 INFO  ATM:64 - авторизация пошла
2019-07-22 10:04:48 INFO  ATM:44 - купюры загрузились
2019-07-22 10:04:48 INFO  ATM:58 - карты загрузились
2019-07-22 10:04:48 INFO  ATM:64 - авторизация пошла
